# zsim stats
===
root: # Stats
 contention: # Contention simulation stats
  domain-0: # Domain stats
   time: 214629 # Weave simulation time
 time: # Simulator time breakdown
  init: 6459771143
  bound: 8832833715
  weave: 163608424
  ff: 173258632
 trigger: 20000 # Reason for this stats dump
 phase: 22 # Simulated phases
 core: # Core stats
  core-0: # Core stats
   cycles: 181539 # Simulated unhalted cycles
   cCycles: 0 # Cycles due to contention stalls
   instrs: 162502 # Simulated instructions
   uops: 189436 # Retired micro-ops
   bbls: 39803 # Basic blocks
   approxInstrs: 466 # Instrs with approx uop decoding
   mispredBranches: 0 # Mispredicted branches
  core-1: # Core stats
   cycles: 144756 # Simulated unhalted cycles
   cCycles: 0 # Cycles due to contention stalls
   instrs: 148528 # Simulated instructions
   uops: 174940 # Retired micro-ops
   bbls: 38942 # Basic blocks
   approxInstrs: 209 # Instrs with approx uop decoding
   mispredBranches: 0 # Mispredicted branches
  core-2: # Core stats
   cycles: 124596 # Simulated unhalted cycles
   cCycles: 0 # Cycles due to contention stalls
   instrs: 116548 # Simulated instructions
   uops: 139722 # Retired micro-ops
   bbls: 30944 # Basic blocks
   approxInstrs: 154 # Instrs with approx uop decoding
   mispredBranches: 0 # Mispredicted branches
  core-3: # Core stats
   cycles: 134599 # Simulated unhalted cycles
   cCycles: 0 # Cycles due to contention stalls
   instrs: 138797 # Simulated instructions
   uops: 164377 # Retired micro-ops
   bbls: 36642 # Basic blocks
   approxInstrs: 189 # Instrs with approx uop decoding
   mispredBranches: 0 # Mispredicted branches
  core-4: # Core stats
   cycles: 115024 # Simulated unhalted cycles
   cCycles: 0 # Cycles due to contention stalls
   instrs: 134516 # Simulated instructions
   uops: 155973 # Retired micro-ops
   bbls: 34795 # Basic blocks
   approxInstrs: 222 # Instrs with approx uop decoding
   mispredBranches: 0 # Mispredicted branches
  core-5: # Core stats
   cycles: 124669 # Simulated unhalted cycles
   cCycles: 0 # Cycles due to contention stalls
   instrs: 127911 # Simulated instructions
   uops: 151335 # Retired micro-ops
   bbls: 33793 # Basic blocks
   approxInstrs: 173 # Instrs with approx uop decoding
   mispredBranches: 0 # Mispredicted branches
  core-6: # Core stats
   cycles: 116079 # Simulated unhalted cycles
   cCycles: 0 # Cycles due to contention stalls
   instrs: 126330 # Simulated instructions
   uops: 147850 # Retired micro-ops
   bbls: 32957 # Basic blocks
   approxInstrs: 196 # Instrs with approx uop decoding
   mispredBranches: 0 # Mispredicted branches
  core-7: # Core stats
   cycles: 116483 # Simulated unhalted cycles
   cCycles: 0 # Cycles due to contention stalls
   instrs: 149094 # Simulated instructions
   uops: 170037 # Retired micro-ops
   bbls: 38123 # Basic blocks
   approxInstrs: 269 # Instrs with approx uop decoding
   mispredBranches: 0 # Mispredicted branches
  core-8: # Core stats
   cycles: 114675 # Simulated unhalted cycles
   cCycles: 0 # Cycles due to contention stalls
   instrs: 141421 # Simulated instructions
   uops: 162526 # Retired micro-ops
   bbls: 36490 # Basic blocks
   approxInstrs: 237 # Instrs with approx uop decoding
   mispredBranches: 0 # Mispredicted branches
  core-9: # Core stats
   cycles: 126026 # Simulated unhalted cycles
   cCycles: 0 # Cycles due to contention stalls
   instrs: 125156 # Simulated instructions
   uops: 148357 # Retired micro-ops
   bbls: 33120 # Basic blocks
   approxInstrs: 165 # Instrs with approx uop decoding
   mispredBranches: 0 # Mispredicted branches
  core-10: # Core stats
   cycles: 125178 # Simulated unhalted cycles
   cCycles: 0 # Cycles due to contention stalls
   instrs: 121945 # Simulated instructions
   uops: 144985 # Retired micro-ops
   bbls: 32083 # Basic blocks
   approxInstrs: 179 # Instrs with approx uop decoding
   mispredBranches: 0 # Mispredicted branches
  core-11: # Core stats
   cycles: 94669 # Simulated unhalted cycles
   cCycles: 0 # Cycles due to contention stalls
   instrs: 124862 # Simulated instructions
   uops: 142104 # Retired micro-ops
   bbls: 31896 # Basic blocks
   approxInstrs: 229 # Instrs with approx uop decoding
   mispredBranches: 0 # Mispredicted branches
  core-12: # Core stats
   cycles: 94595 # Simulated unhalted cycles
   cCycles: 0 # Cycles due to contention stalls
   instrs: 110909 # Simulated instructions
   uops: 128324 # Retired micro-ops
   bbls: 28689 # Basic blocks
   approxInstrs: 185 # Instrs with approx uop decoding
   mispredBranches: 0 # Mispredicted branches
  core-13: # Core stats
   cycles: 100004 # Simulated unhalted cycles
   cCycles: 0 # Cycles due to contention stalls
   instrs: 120555 # Simulated instructions
   uops: 137890 # Retired micro-ops
   bbls: 30918 # Basic blocks
   approxInstrs: 219 # Instrs with approx uop decoding
   mispredBranches: 0 # Mispredicted branches
  core-14: # Core stats
   cycles: 94850 # Simulated unhalted cycles
   cCycles: 0 # Cycles due to contention stalls
   instrs: 121361 # Simulated instructions
   uops: 138652 # Retired micro-ops
   bbls: 31028 # Basic blocks
   approxInstrs: 224 # Instrs with approx uop decoding
   mispredBranches: 0 # Mispredicted branches
  core-15: # Core stats
   cycles: 130001 # Simulated unhalted cycles
   cCycles: 0 # Cycles due to contention stalls
   instrs: 113240 # Simulated instructions
   uops: 131143 # Retired micro-ops
   bbls: 27752 # Basic blocks
   approxInstrs: 378 # Instrs with approx uop decoding
   mispredBranches: 0 # Mispredicted branches
 l1d: # Cache stats
  l1d-0: # Filter cache stats
   fhGETS: 36506 # Filtered GETS hits
   fhGETX: 17290 # Filtered GETX hits
   hGETS: 2955 # GETS hits
   hGETX: 1019 # GETX hits
   mGETS: 599 # GETS misses
   mGETXIM: 444 # GETX I->M misses
   mGETXSM: 56 # GETX S->M misses (upgrade misses)
   PUTS: 0 # Clean evictions (from lower level)
   PUTX: 0 # Dirty evictions (from lower level)
   INV: 143 # Invalidates (from upper level)
   INVX: 283 # Downgrades (from upper level)
   FWD: 0 # Forwards (from upper level)
   latGETnl: 117676 # GET request latency on next level
   latGETnet: 0 # GET request latency on network to next level
  l1d-1: # Filter cache stats
   fhGETS: 30389 # Filtered GETS hits
   fhGETX: 10750 # Filtered GETX hits
   hGETS: 2419 # GETS hits
   hGETX: 1132 # GETX hits
   mGETS: 293 # GETS misses
   mGETXIM: 90 # GETX I->M misses
   mGETXSM: 17 # GETX S->M misses (upgrade misses)
   PUTS: 0 # Clean evictions (from lower level)
   PUTX: 0 # Dirty evictions (from lower level)
   INV: 38 # Invalidates (from upper level)
   INVX: 36 # Downgrades (from upper level)
   FWD: 0 # Forwards (from upper level)
   latGETnl: 27340 # GET request latency on next level
   latGETnet: 0 # GET request latency on network to next level
  l1d-2: # Filter cache stats
   fhGETS: 22173 # Filtered GETS hits
   fhGETX: 6836 # Filtered GETX hits
   hGETS: 1685 # GETS hits
   hGETX: 943 # GETX hits
   mGETS: 203 # GETS misses
   mGETXIM: 95 # GETX I->M misses
   mGETXSM: 13 # GETX S->M misses (upgrade misses)
   PUTS: 0 # Clean evictions (from lower level)
   PUTX: 0 # Dirty evictions (from lower level)
   INV: 21 # Invalidates (from upper level)
   INVX: 17 # Downgrades (from upper level)
   FWD: 0 # Forwards (from upper level)
   latGETnl: 21338 # GET request latency on next level
   latGETnet: 0 # GET request latency on network to next level
  l1d-3: # Filter cache stats
   fhGETS: 27047 # Filtered GETS hits
   fhGETX: 9381 # Filtered GETX hits
   hGETS: 3159 # GETS hits
   hGETX: 1299 # GETX hits
   mGETS: 169 # GETS misses
   mGETXIM: 85 # GETX I->M misses
   mGETXSM: 12 # GETX S->M misses (upgrade misses)
   PUTS: 0 # Clean evictions (from lower level)
   PUTX: 0 # Dirty evictions (from lower level)
   INV: 29 # Invalidates (from upper level)
   INVX: 17 # Downgrades (from upper level)
   FWD: 0 # Forwards (from upper level)
   latGETnl: 17817 # GET request latency on next level
   latGETnet: 0 # GET request latency on network to next level
  l1d-4: # Filter cache stats
   fhGETS: 29439 # Filtered GETS hits
   fhGETX: 11764 # Filtered GETX hits
   hGETS: 2333 # GETS hits
   hGETX: 1176 # GETX hits
   mGETS: 190 # GETS misses
   mGETXIM: 86 # GETX I->M misses
   mGETXSM: 14 # GETX S->M misses (upgrade misses)
   PUTS: 0 # Clean evictions (from lower level)
   PUTX: 0 # Dirty evictions (from lower level)
   INV: 43 # Invalidates (from upper level)
   INVX: 26 # Downgrades (from upper level)
   FWD: 0 # Forwards (from upper level)
   latGETnl: 19497 # GET request latency on next level
   latGETnet: 0 # GET request latency on network to next level
  l1d-5: # Filter cache stats
   fhGETS: 24995 # Filtered GETS hits
   fhGETX: 8681 # Filtered GETX hits
   hGETS: 2737 # GETS hits
   hGETX: 1114 # GETX hits
   mGETS: 162 # GETS misses
   mGETXIM: 83 # GETX I->M misses
   mGETXSM: 13 # GETX S->M misses (upgrade misses)
   PUTS: 0 # Clean evictions (from lower level)
   PUTX: 0 # Dirty evictions (from lower level)
   INV: 31 # Invalidates (from upper level)
   INVX: 18 # Downgrades (from upper level)
   FWD: 0 # Forwards (from upper level)
   latGETnl: 17422 # GET request latency on next level
   latGETnet: 0 # GET request latency on network to next level
  l1d-6: # Filter cache stats
   fhGETS: 26421 # Filtered GETS hits
   fhGETX: 9781 # Filtered GETX hits
   hGETS: 2326 # GETS hits
   hGETX: 1303 # GETX hits
   mGETS: 172 # GETS misses
   mGETXIM: 85 # GETX I->M misses
   mGETXSM: 14 # GETX S->M misses (upgrade misses)
   PUTS: 0 # Clean evictions (from lower level)
   PUTX: 0 # Dirty evictions (from lower level)
   INV: 31 # Invalidates (from upper level)
   INVX: 21 # Downgrades (from upper level)
   FWD: 0 # Forwards (from upper level)
   latGETnl: 18330 # GET request latency on next level
   latGETnet: 0 # GET request latency on network to next level
  l1d-7: # Filter cache stats
   fhGETS: 33030 # Filtered GETS hits
   fhGETX: 13755 # Filtered GETX hits
   hGETS: 4358 # GETS hits
   hGETX: 2327 # GETX hits
   mGETS: 203 # GETS misses
   mGETXIM: 87 # GETX I->M misses
   mGETXSM: 17 # GETX S->M misses (upgrade misses)
   PUTS: 0 # Clean evictions (from lower level)
   PUTX: 0 # Dirty evictions (from lower level)
   INV: 39 # Invalidates (from upper level)
   INVX: 28 # Downgrades (from upper level)
   FWD: 0 # Forwards (from upper level)
   latGETnl: 20135 # GET request latency on next level
   latGETnet: 0 # GET request latency on network to next level
  l1d-8: # Filter cache stats
   fhGETS: 30206 # Filtered GETS hits
   fhGETX: 12055 # Filtered GETX hits
   hGETS: 4124 # GETS hits
   hGETX: 2108 # GETX hits
   mGETS: 190 # GETS misses
   mGETXIM: 86 # GETX I->M misses
   mGETXSM: 12 # GETX S->M misses (upgrade misses)
   PUTS: 0 # Clean evictions (from lower level)
   PUTX: 0 # Dirty evictions (from lower level)
   INV: 35 # Invalidates (from upper level)
   INVX: 22 # Downgrades (from upper level)
   FWD: 0 # Forwards (from upper level)
   latGETnl: 19176 # GET request latency on next level
   latGETnet: 0 # GET request latency on network to next level
  l1d-9: # Filter cache stats
   fhGETS: 24866 # Filtered GETS hits
   fhGETX: 8212 # Filtered GETX hits
   hGETS: 2055 # GETS hits
   hGETX: 1145 # GETX hits
   mGETS: 173 # GETS misses
   mGETXIM: 84 # GETX I->M misses
   mGETXSM: 14 # GETX S->M misses (upgrade misses)
   PUTS: 0 # Clean evictions (from lower level)
   PUTX: 0 # Dirty evictions (from lower level)
   INV: 39 # Invalidates (from upper level)
   INVX: 29 # Downgrades (from upper level)
   FWD: 0 # Forwards (from upper level)
   latGETnl: 18747 # GET request latency on next level
   latGETnet: 0 # GET request latency on network to next level
  l1d-10: # Filter cache stats
   fhGETS: 23271 # Filtered GETS hits
   fhGETX: 7349 # Filtered GETX hits
   hGETS: 2487 # GETS hits
   hGETX: 1491 # GETX hits
   mGETS: 242 # GETS misses
   mGETXIM: 97 # GETX I->M misses
   mGETXSM: 17 # GETX S->M misses (upgrade misses)
   PUTS: 0 # Clean evictions (from lower level)
   PUTX: 0 # Dirty evictions (from lower level)
   INV: 35 # Invalidates (from upper level)
   INVX: 36 # Downgrades (from upper level)
   FWD: 0 # Forwards (from upper level)
   latGETnl: 24329 # GET request latency on next level
   latGETnet: 0 # GET request latency on network to next level
  l1d-11: # Filter cache stats
   fhGETS: 26384 # Filtered GETS hits
   fhGETX: 12113 # Filtered GETX hits
   hGETS: 4933 # GETS hits
   hGETX: 1552 # GETX hits
   mGETS: 193 # GETS misses
   mGETXIM: 83 # GETX I->M misses
   mGETXSM: 13 # GETX S->M misses (upgrade misses)
   PUTS: 0 # Clean evictions (from lower level)
   PUTX: 0 # Dirty evictions (from lower level)
   INV: 35 # Invalidates (from upper level)
   INVX: 19 # Downgrades (from upper level)
   FWD: 0 # Forwards (from upper level)
   latGETnl: 18653 # GET request latency on next level
   latGETnet: 0 # GET request latency on network to next level
  l1d-12: # Filter cache stats
   fhGETS: 24042 # Filtered GETS hits
   fhGETX: 9432 # Filtered GETX hits
   hGETS: 2222 # GETS hits
   hGETX: 1331 # GETX hits
   mGETS: 176 # GETS misses
   mGETXIM: 83 # GETX I->M misses
   mGETXSM: 13 # GETX S->M misses (upgrade misses)
   PUTS: 0 # Clean evictions (from lower level)
   PUTX: 0 # Dirty evictions (from lower level)
   INV: 31 # Invalidates (from upper level)
   INVX: 17 # Downgrades (from upper level)
   FWD: 0 # Forwards (from upper level)
   latGETnl: 17987 # GET request latency on next level
   latGETnet: 0 # GET request latency on network to next level
  l1d-13: # Filter cache stats
   fhGETS: 26662 # Filtered GETS hits
   fhGETX: 10956 # Filtered GETX hits
   hGETS: 3004 # GETS hits
   hGETX: 1671 # GETX hits
   mGETS: 200 # GETS misses
   mGETXIM: 87 # GETX I->M misses
   mGETXSM: 13 # GETX S->M misses (upgrade misses)
   PUTS: 0 # Clean evictions (from lower level)
   PUTX: 0 # Dirty evictions (from lower level)
   INV: 37 # Invalidates (from upper level)
   INVX: 23 # Downgrades (from upper level)
   FWD: 0 # Forwards (from upper level)
   latGETnl: 20912 # GET request latency on next level
   latGETnet: 0 # GET request latency on network to next level
  l1d-14: # Filter cache stats
   fhGETS: 25979 # Filtered GETS hits
   fhGETX: 11290 # Filtered GETX hits
   hGETS: 4257 # GETS hits
   hGETX: 1726 # GETX hits
   mGETS: 190 # GETS misses
   mGETXIM: 86 # GETX I->M misses
   mGETXSM: 13 # GETX S->M misses (upgrade misses)
   PUTS: 0 # Clean evictions (from lower level)
   PUTX: 0 # Dirty evictions (from lower level)
   INV: 37 # Invalidates (from upper level)
   INVX: 21 # Downgrades (from upper level)
   FWD: 0 # Forwards (from upper level)
   latGETnl: 18898 # GET request latency on next level
   latGETnet: 0 # GET request latency on network to next level
  l1d-15: # Filter cache stats
   fhGETS: 23835 # Filtered GETS hits
   fhGETX: 9802 # Filtered GETX hits
   hGETS: 2590 # GETS hits
   hGETX: 1217 # GETX hits
   mGETS: 549 # GETS misses
   mGETXIM: 133 # GETX I->M misses
   mGETXSM: 23 # GETX S->M misses (upgrade misses)
   PUTS: 0 # Clean evictions (from lower level)
   PUTX: 0 # Dirty evictions (from lower level)
   INV: 26 # Invalidates (from upper level)
   INVX: 46 # Downgrades (from upper level)
   FWD: 0 # Forwards (from upper level)
   latGETnl: 61939 # GET request latency on next level
   latGETnet: 0 # GET request latency on network to next level
 l1i: # Cache stats
  l1i-0: # Filter cache stats
   fhGETS: 37666 # Filtered GETS hits
   fhGETX: 0 # Filtered GETX hits
   hGETS: 2075 # GETS hits
   hGETX: 0 # GETX hits
   mGETS: 397 # GETS misses
   mGETXIM: 0 # GETX I->M misses
   mGETXSM: 0 # GETX S->M misses (upgrade misses)
   PUTS: 0 # Clean evictions (from lower level)
   PUTX: 0 # Dirty evictions (from lower level)
   INV: 0 # Invalidates (from upper level)
   INVX: 0 # Downgrades (from upper level)
   FWD: 0 # Forwards (from upper level)
   latGETnl: 42147 # GET request latency on next level
   latGETnet: 0 # GET request latency on network to next level
  l1i-1: # Filter cache stats
   fhGETS: 37866 # Filtered GETS hits
   fhGETX: 0 # Filtered GETX hits
   hGETS: 952 # GETS hits
   hGETX: 0 # GETX hits
   mGETS: 212 # GETS misses
   mGETXIM: 0 # GETX I->M misses
   mGETXSM: 0 # GETX S->M misses (upgrade misses)
   PUTS: 0 # Clean evictions (from lower level)
   PUTX: 0 # Dirty evictions (from lower level)
   INV: 0 # Invalidates (from upper level)
   INVX: 0 # Downgrades (from upper level)
   FWD: 0 # Forwards (from upper level)
   latGETnl: 9708 # GET request latency on next level
   latGETnet: 0 # GET request latency on network to next level
  l1i-2: # Filter cache stats
   fhGETS: 30153 # Filtered GETS hits
   fhGETX: 0 # Filtered GETX hits
   hGETS: 648 # GETS hits
   hGETX: 0 # GETX hits
   mGETS: 207 # GETS misses
   mGETXIM: 0 # GETX I->M misses
   mGETXSM: 0 # GETX S->M misses (upgrade misses)
   PUTS: 0 # Clean evictions (from lower level)
   PUTX: 0 # Dirty evictions (from lower level)
   INV: 0 # Invalidates (from upper level)
   INVX: 0 # Downgrades (from upper level)
   FWD: 0 # Forwards (from upper level)
   latGETnl: 8038 # GET request latency on next level
   latGETnet: 0 # GET request latency on network to next level
  l1i-3: # Filter cache stats
   fhGETS: 35698 # Filtered GETS hits
   fhGETX: 0 # Filtered GETX hits
   hGETS: 853 # GETS hits
   hGETX: 0 # GETX hits
   mGETS: 162 # GETS misses
   mGETXIM: 0 # GETX I->M misses
   mGETXSM: 0 # GETX S->M misses (upgrade misses)
   PUTS: 0 # Clean evictions (from lower level)
   PUTX: 0 # Dirty evictions (from lower level)
   INV: 0 # Invalidates (from upper level)
   INVX: 0 # Downgrades (from upper level)
   FWD: 0 # Forwards (from upper level)
   latGETnl: 5508 # GET request latency on next level
   latGETnet: 0 # GET request latency on network to next level
  l1i-4: # Filter cache stats
   fhGETS: 33631 # Filtered GETS hits
   fhGETX: 0 # Filtered GETX hits
   hGETS: 1086 # GETS hits
   hGETX: 0 # GETX hits
   mGETS: 167 # GETS misses
   mGETXIM: 0 # GETX I->M misses
   mGETXSM: 0 # GETX S->M misses (upgrade misses)
   PUTS: 0 # Clean evictions (from lower level)
   PUTX: 0 # Dirty evictions (from lower level)
   INV: 0 # Invalidates (from upper level)
   INVX: 0 # Downgrades (from upper level)
   FWD: 0 # Forwards (from upper level)
   latGETnl: 5978 # GET request latency on next level
   latGETnet: 0 # GET request latency on network to next level
  l1i-5: # Filter cache stats
   fhGETS: 32885 # Filtered GETS hits
   fhGETX: 0 # Filtered GETX hits
   hGETS: 815 # GETS hits
   hGETX: 0 # GETX hits
   mGETS: 163 # GETS misses
   mGETXIM: 0 # GETX I->M misses
   mGETXSM: 0 # GETX S->M misses (upgrade misses)
   PUTS: 0 # Clean evictions (from lower level)
   PUTX: 0 # Dirty evictions (from lower level)
   INV: 0 # Invalidates (from upper level)
   INVX: 0 # Downgrades (from upper level)
   FWD: 0 # Forwards (from upper level)
   latGETnl: 5542 # GET request latency on next level
   latGETnet: 0 # GET request latency on network to next level
  l1i-6: # Filter cache stats
   fhGETS: 31944 # Filtered GETS hits
   fhGETX: 0 # Filtered GETX hits
   hGETS: 923 # GETS hits
   hGETX: 0 # GETX hits
   mGETS: 167 # GETS misses
   mGETXIM: 0 # GETX I->M misses
   mGETXSM: 0 # GETX S->M misses (upgrade misses)
   PUTS: 0 # Clean evictions (from lower level)
   PUTX: 0 # Dirty evictions (from lower level)
   INV: 0 # Invalidates (from upper level)
   INVX: 0 # Downgrades (from upper level)
   FWD: 0 # Forwards (from upper level)
   latGETnl: 6878 # GET request latency on next level
   latGETnet: 0 # GET request latency on network to next level
  l1i-7: # Filter cache stats
   fhGETS: 36799 # Filtered GETS hits
   fhGETX: 0 # Filtered GETX hits
   hGETS: 1251 # GETS hits
   hGETX: 0 # GETX hits
   mGETS: 169 # GETS misses
   mGETXIM: 0 # GETX I->M misses
   mGETXSM: 0 # GETX S->M misses (upgrade misses)
   PUTS: 0 # Clean evictions (from lower level)
   PUTX: 0 # Dirty evictions (from lower level)
   INV: 0 # Invalidates (from upper level)
   INVX: 0 # Downgrades (from upper level)
   FWD: 0 # Forwards (from upper level)
   latGETnl: 8746 # GET request latency on next level
   latGETnet: 0 # GET request latency on network to next level
  l1i-8: # Filter cache stats
   fhGETS: 35302 # Filtered GETS hits
   fhGETX: 0 # Filtered GETX hits
   hGETS: 1113 # GETS hits
   hGETX: 0 # GETX hits
   mGETS: 163 # GETS misses
   mGETXIM: 0 # GETX I->M misses
   mGETXSM: 0 # GETX S->M misses (upgrade misses)
   PUTS: 0 # Clean evictions (from lower level)
   PUTX: 0 # Dirty evictions (from lower level)
   INV: 0 # Invalidates (from upper level)
   INVX: 0 # Downgrades (from upper level)
   FWD: 0 # Forwards (from upper level)
   latGETnl: 5742 # GET request latency on next level
   latGETnet: 0 # GET request latency on network to next level
  l1i-9: # Filter cache stats
   fhGETS: 32262 # Filtered GETS hits
   fhGETX: 0 # Filtered GETX hits
   hGETS: 760 # GETS hits
   hGETX: 0 # GETX hits
   mGETS: 165 # GETS misses
   mGETXIM: 0 # GETX I->M misses
   mGETXSM: 0 # GETX S->M misses (upgrade misses)
   PUTS: 0 # Clean evictions (from lower level)
   PUTX: 0 # Dirty evictions (from lower level)
   INV: 0 # Invalidates (from upper level)
   INVX: 0 # Downgrades (from upper level)
   FWD: 0 # Forwards (from upper level)
   latGETnl: 8410 # GET request latency on next level
   latGETnet: 0 # GET request latency on network to next level
  l1i-10: # Filter cache stats
   fhGETS: 31179 # Filtered GETS hits
   fhGETX: 0 # Filtered GETX hits
   hGETS: 768 # GETS hits
   hGETX: 0 # GETX hits
   mGETS: 211 # GETS misses
   mGETXIM: 0 # GETX I->M misses
   mGETXSM: 0 # GETX S->M misses (upgrade misses)
   PUTS: 0 # Clean evictions (from lower level)
   PUTX: 0 # Dirty evictions (from lower level)
   INV: 0 # Invalidates (from upper level)
   INVX: 0 # Downgrades (from upper level)
   FWD: 0 # Forwards (from upper level)
   latGETnl: 7620 # GET request latency on next level
   latGETnet: 0 # GET request latency on network to next level
  l1i-11: # Filter cache stats
   fhGETS: 30747 # Filtered GETS hits
   fhGETX: 0 # Filtered GETX hits
   hGETS: 1071 # GETS hits
   hGETX: 0 # GETX hits
   mGETS: 164 # GETS misses
   mGETXIM: 0 # GETX I->M misses
   mGETXSM: 0 # GETX S->M misses (upgrade misses)
   PUTS: 0 # Clean evictions (from lower level)
   PUTX: 0 # Dirty evictions (from lower level)
   INV: 0 # Invalidates (from upper level)
   INVX: 0 # Downgrades (from upper level)
   FWD: 0 # Forwards (from upper level)
   latGETnl: 5576 # GET request latency on next level
   latGETnet: 0 # GET request latency on network to next level
  l1i-12: # Filter cache stats
   fhGETS: 27720 # Filtered GETS hits
   fhGETX: 0 # Filtered GETX hits
   hGETS: 882 # GETS hits
   hGETX: 0 # GETX hits
   mGETS: 160 # GETS misses
   mGETXIM: 0 # GETX I->M misses
   mGETXSM: 0 # GETX S->M misses (upgrade misses)
   PUTS: 0 # Clean evictions (from lower level)
   PUTX: 0 # Dirty evictions (from lower level)
   INV: 0 # Invalidates (from upper level)
   INVX: 0 # Downgrades (from upper level)
   FWD: 0 # Forwards (from upper level)
   latGETnl: 5440 # GET request latency on next level
   latGETnet: 0 # GET request latency on network to next level
  l1i-13: # Filter cache stats
   fhGETS: 29813 # Filtered GETS hits
   fhGETX: 0 # Filtered GETX hits
   hGETS: 984 # GETS hits
   hGETX: 0 # GETX hits
   mGETS: 201 # GETS misses
   mGETXIM: 0 # GETX I->M misses
   mGETXSM: 0 # GETX S->M misses (upgrade misses)
   PUTS: 0 # Clean evictions (from lower level)
   PUTX: 0 # Dirty evictions (from lower level)
   INV: 0 # Invalidates (from upper level)
   INVX: 0 # Downgrades (from upper level)
   FWD: 0 # Forwards (from upper level)
   latGETnl: 10734 # GET request latency on next level
   latGETnet: 0 # GET request latency on network to next level
  l1i-14: # Filter cache stats
   fhGETS: 29912 # Filtered GETS hits
   fhGETX: 0 # Filtered GETX hits
   hGETS: 1030 # GETS hits
   hGETX: 0 # GETX hits
   mGETS: 167 # GETS misses
   mGETXIM: 0 # GETX I->M misses
   mGETXSM: 0 # GETX S->M misses (upgrade misses)
   PUTS: 0 # Clean evictions (from lower level)
   PUTX: 0 # Dirty evictions (from lower level)
   INV: 0 # Invalidates (from upper level)
   INVX: 0 # Downgrades (from upper level)
   FWD: 0 # Forwards (from upper level)
   latGETnl: 5778 # GET request latency on next level
   latGETnet: 0 # GET request latency on network to next level
  l1i-15: # Filter cache stats
   fhGETS: 26493 # Filtered GETS hits
   fhGETX: 0 # Filtered GETX hits
   hGETS: 970 # GETS hits
   hGETX: 0 # GETX hits
   mGETS: 426 # GETS misses
   mGETXIM: 0 # GETX I->M misses
   mGETXSM: 0 # GETX S->M misses (upgrade misses)
   PUTS: 0 # Clean evictions (from lower level)
   PUTX: 0 # Dirty evictions (from lower level)
   INV: 0 # Invalidates (from upper level)
   INVX: 0 # Downgrades (from upper level)
   FWD: 0 # Forwards (from upper level)
   latGETnl: 35160 # GET request latency on next level
   latGETnet: 0 # GET request latency on network to next level
 l2: # Cache stats
  l2-0: # Cache stats
   hGETS: 76 # GETS hits
   hGETX: 3 # GETX hits
   mGETS: 920 # GETS misses
   mGETXIM: 440 # GETX I->M misses
   mGETXSM: 57 # GETX S->M misses (upgrade misses)
   PUTS: 304 # Clean evictions (from lower level)
   PUTX: 167 # Dirty evictions (from lower level)
   INV: 162 # Invalidates (from upper level)
   INVX: 326 # Downgrades (from upper level)
   FWD: 0 # Forwards (from upper level)
   latGETnl: 149351 # GET request latency on next level
   latGETnet: 0 # GET request latency on network to next level
  l2-1: # Cache stats
   hGETS: 0 # GETS hits
   hGETX: 0 # GETX hits
   mGETS: 505 # GETS misses
   mGETXIM: 90 # GETX I->M misses
   mGETXSM: 17 # GETX S->M misses (upgrade misses)
   PUTS: 12 # Clean evictions (from lower level)
   PUTX: 0 # Dirty evictions (from lower level)
   INV: 38 # Invalidates (from upper level)
   INVX: 36 # Downgrades (from upper level)
   FWD: 0 # Forwards (from upper level)
   latGETnl: 32764 # GET request latency on next level
   latGETnet: 0 # GET request latency on network to next level
  l2-2: # Cache stats
   hGETS: 0 # GETS hits
   hGETX: 0 # GETX hits
   mGETS: 410 # GETS misses
   mGETXIM: 95 # GETX I->M misses
   mGETXSM: 13 # GETX S->M misses (upgrade misses)
   PUTS: 3 # Clean evictions (from lower level)
   PUTX: 1 # Dirty evictions (from lower level)
   INV: 21 # Invalidates (from upper level)
   INVX: 17 # Downgrades (from upper level)
   FWD: 0 # Forwards (from upper level)
   latGETnl: 25750 # GET request latency on next level
   latGETnet: 0 # GET request latency on network to next level
  l2-3: # Cache stats
   hGETS: 0 # GETS hits
   hGETX: 0 # GETX hits
   mGETS: 331 # GETS misses
   mGETXIM: 85 # GETX I->M misses
   mGETXSM: 12 # GETX S->M misses (upgrade misses)
   PUTS: 0 # Clean evictions (from lower level)
   PUTX: 0 # Dirty evictions (from lower level)
   INV: 29 # Invalidates (from upper level)
   INVX: 17 # Downgrades (from upper level)
   FWD: 0 # Forwards (from upper level)
   latGETnl: 20329 # GET request latency on next level
   latGETnet: 0 # GET request latency on network to next level
  l2-4: # Cache stats
   hGETS: 0 # GETS hits
   hGETX: 0 # GETX hits
   mGETS: 357 # GETS misses
   mGETXIM: 86 # GETX I->M misses
   mGETXSM: 14 # GETX S->M misses (upgrade misses)
   PUTS: 0 # Clean evictions (from lower level)
   PUTX: 0 # Dirty evictions (from lower level)
   INV: 43 # Invalidates (from upper level)
   INVX: 26 # Downgrades (from upper level)
   FWD: 0 # Forwards (from upper level)
   latGETnl: 22276 # GET request latency on next level
   latGETnet: 0 # GET request latency on network to next level
  l2-5: # Cache stats
   hGETS: 0 # GETS hits
   hGETX: 0 # GETX hits
   mGETS: 325 # GETS misses
   mGETXIM: 83 # GETX I->M misses
   mGETXSM: 13 # GETX S->M misses (upgrade misses)
   PUTS: 0 # Clean evictions (from lower level)
   PUTX: 0 # Dirty evictions (from lower level)
   INV: 31 # Invalidates (from upper level)
   INVX: 18 # Downgrades (from upper level)
   FWD: 0 # Forwards (from upper level)
   latGETnl: 20017 # GET request latency on next level
   latGETnet: 0 # GET request latency on network to next level
  l2-6: # Cache stats
   hGETS: 0 # GETS hits
   hGETX: 0 # GETX hits
   mGETS: 339 # GETS misses
   mGETXIM: 85 # GETX I->M misses
   mGETXSM: 14 # GETX S->M misses (upgrade misses)
   PUTS: 0 # Clean evictions (from lower level)
   PUTX: 0 # Dirty evictions (from lower level)
   INV: 31 # Invalidates (from upper level)
   INVX: 21 # Downgrades (from upper level)
   FWD: 0 # Forwards (from upper level)
   latGETnl: 22142 # GET request latency on next level
   latGETnet: 0 # GET request latency on network to next level
  l2-7: # Cache stats
   hGETS: 0 # GETS hits
   hGETX: 0 # GETX hits
   mGETS: 372 # GETS misses
   mGETXIM: 87 # GETX I->M misses
   mGETXSM: 17 # GETX S->M misses (upgrade misses)
   PUTS: 0 # Clean evictions (from lower level)
   PUTX: 0 # Dirty evictions (from lower level)
   INV: 39 # Invalidates (from upper level)
   INVX: 28 # Downgrades (from upper level)
   FWD: 0 # Forwards (from upper level)
   latGETnl: 25549 # GET request latency on next level
   latGETnet: 0 # GET request latency on network to next level
  l2-8: # Cache stats
   hGETS: 0 # GETS hits
   hGETX: 0 # GETX hits
   mGETS: 353 # GETS misses
   mGETXIM: 86 # GETX I->M misses
   mGETXSM: 12 # GETX S->M misses (upgrade misses)
   PUTS: 0 # Clean evictions (from lower level)
   PUTX: 0 # Dirty evictions (from lower level)
   INV: 35 # Invalidates (from upper level)
   INVX: 22 # Downgrades (from upper level)
   FWD: 0 # Forwards (from upper level)
   latGETnl: 21761 # GET request latency on next level
   latGETnet: 0 # GET request latency on network to next level
  l2-9: # Cache stats
   hGETS: 0 # GETS hits
   hGETX: 0 # GETX hits
   mGETS: 338 # GETS misses
   mGETXIM: 84 # GETX I->M misses
   mGETXSM: 14 # GETX S->M misses (upgrade misses)
   PUTS: 0 # Clean evictions (from lower level)
   PUTX: 0 # Dirty evictions (from lower level)
   INV: 39 # Invalidates (from upper level)
   INVX: 29 # Downgrades (from upper level)
   FWD: 0 # Forwards (from upper level)
   latGETnl: 24105 # GET request latency on next level
   latGETnet: 0 # GET request latency on network to next level
  l2-10: # Cache stats
   hGETS: 3 # GETS hits
   hGETX: 0 # GETX hits
   mGETS: 450 # GETS misses
   mGETXIM: 97 # GETX I->M misses
   mGETXSM: 17 # GETX S->M misses (upgrade misses)
   PUTS: 7 # Clean evictions (from lower level)
   PUTX: 1 # Dirty evictions (from lower level)
   INV: 35 # Invalidates (from upper level)
   INVX: 36 # Downgrades (from upper level)
   FWD: 0 # Forwards (from upper level)
   latGETnl: 27980 # GET request latency on next level
   latGETnet: 0 # GET request latency on network to next level
  l2-11: # Cache stats
   hGETS: 0 # GETS hits
   hGETX: 0 # GETX hits
   mGETS: 357 # GETS misses
   mGETXIM: 83 # GETX I->M misses
   mGETXSM: 13 # GETX S->M misses (upgrade misses)
   PUTS: 0 # Clean evictions (from lower level)
   PUTX: 0 # Dirty evictions (from lower level)
   INV: 35 # Invalidates (from upper level)
   INVX: 19 # Downgrades (from upper level)
   FWD: 0 # Forwards (from upper level)
   latGETnl: 21058 # GET request latency on next level
   latGETnet: 0 # GET request latency on network to next level
  l2-12: # Cache stats
   hGETS: 0 # GETS hits
   hGETX: 0 # GETX hits
   mGETS: 336 # GETS misses
   mGETXIM: 83 # GETX I->M misses
   mGETXSM: 13 # GETX S->M misses (upgrade misses)
   PUTS: 0 # Clean evictions (from lower level)
   PUTX: 0 # Dirty evictions (from lower level)
   INV: 31 # Invalidates (from upper level)
   INVX: 17 # Downgrades (from upper level)
   FWD: 0 # Forwards (from upper level)
   latGETnl: 20403 # GET request latency on next level
   latGETnet: 0 # GET request latency on network to next level
  l2-13: # Cache stats
   hGETS: 0 # GETS hits
   hGETX: 0 # GETX hits
   mGETS: 401 # GETS misses
   mGETXIM: 87 # GETX I->M misses
   mGETXSM: 13 # GETX S->M misses (upgrade misses)
   PUTS: 4 # Clean evictions (from lower level)
   PUTX: 0 # Dirty evictions (from lower level)
   INV: 37 # Invalidates (from upper level)
   INVX: 23 # Downgrades (from upper level)
   FWD: 0 # Forwards (from upper level)
   latGETnl: 28139 # GET request latency on next level
   latGETnet: 0 # GET request latency on network to next level
  l2-14: # Cache stats
   hGETS: 0 # GETS hits
   hGETX: 0 # GETX hits
   mGETS: 357 # GETS misses
   mGETXIM: 86 # GETX I->M misses
   mGETXSM: 13 # GETX S->M misses (upgrade misses)
   PUTS: 0 # Clean evictions (from lower level)
   PUTX: 0 # Dirty evictions (from lower level)
   INV: 37 # Invalidates (from upper level)
   INVX: 21 # Downgrades (from upper level)
   FWD: 0 # Forwards (from upper level)
   latGETnl: 21484 # GET request latency on next level
   latGETnet: 0 # GET request latency on network to next level
  l2-15: # Cache stats
   hGETS: 34 # GETS hits
   hGETX: 0 # GETX hits
   mGETS: 941 # GETS misses
   mGETXIM: 133 # GETX I->M misses
   mGETXSM: 23 # GETX S->M misses (upgrade misses)
   PUTS: 201 # Clean evictions (from lower level)
   PUTX: 41 # Dirty evictions (from lower level)
   INV: 28 # Invalidates (from upper level)
   INVX: 52 # Downgrades (from upper level)
   FWD: 0 # Forwards (from upper level)
   latGETnl: 89182 # GET request latency on next level
   latGETnet: 0 # GET request latency on network to next level
 l3: # Cache stats
  l3-0b0: # Cache stats
   hGETS: 1495 # GETS hits
   hGETX: 86 # GETX hits
   mGETS: 370 # GETS misses
   mGETXIM: 411 # GETX I->M misses
   mGETXSM: 0 # GETX S->M misses (upgrade misses)
   PUTS: 0 # Clean evictions (from lower level)
   PUTX: 0 # Dirty evictions (from lower level)
   INV: 0 # Invalidates (from upper level)
   INVX: 0 # Downgrades (from upper level)
   FWD: 0 # Forwards (from upper level)
   latGETnl: 78100 # GET request latency on next level
   latGETnet: 0 # GET request latency on network to next level
  l3-0b1: # Cache stats
   hGETS: 1425 # GETS hits
   hGETX: 211 # GETX hits
   mGETS: 364 # GETS misses
   mGETXIM: 412 # GETX I->M misses
   mGETXSM: 0 # GETX S->M misses (upgrade misses)
   PUTS: 0 # Clean evictions (from lower level)
   PUTX: 0 # Dirty evictions (from lower level)
   INV: 0 # Invalidates (from upper level)
   INVX: 0 # Downgrades (from upper level)
   FWD: 0 # Forwards (from upper level)
   latGETnl: 77600 # GET request latency on next level
   latGETnet: 0 # GET request latency on network to next level
  l3-0b2: # Cache stats
   hGETS: 1403 # GETS hits
   hGETX: 53 # GETX hits
   mGETS: 379 # GETS misses
   mGETXIM: 402 # GETX I->M misses
   mGETXSM: 0 # GETX S->M misses (upgrade misses)
   PUTS: 0 # Clean evictions (from lower level)
   PUTX: 0 # Dirty evictions (from lower level)
   INV: 0 # Invalidates (from upper level)
   INVX: 0 # Downgrades (from upper level)
   FWD: 0 # Forwards (from upper level)
   latGETnl: 78100 # GET request latency on next level
   latGETnet: 0 # GET request latency on network to next level
  l3-0b3: # Cache stats
   hGETS: 1284 # GETS hits
   hGETX: 71 # GETX hits
   mGETS: 372 # GETS misses
   mGETXIM: 419 # GETX I->M misses
   mGETXSM: 0 # GETX S->M misses (upgrade misses)
   PUTS: 0 # Clean evictions (from lower level)
   PUTX: 0 # Dirty evictions (from lower level)
   INV: 0 # Invalidates (from upper level)
   INVX: 0 # Downgrades (from upper level)
   FWD: 0 # Forwards (from upper level)
   latGETnl: 79100 # GET request latency on next level
   latGETnet: 0 # GET request latency on network to next level
 sched: # Scheduler stats
  thCr: 16 # Threads created
  thFn: 16 # Threads finished
  schedEvs: 16 # Schedule events
  waitEvs: 0 # Wait events
  handoffEvs: 0 # Handoff events
  sleepEvs: 0 # Sleep events
  idlePhases: 0 # Phases with no thread active
  idlePeriods: 0 # Periods with no thread active
  occHist: # Occupancy histogram
   0: 0
   1: 4
   2: 1
   3: 0
   4: 1
   5: 0
   6: 0
   7: 0
   8: 0
   9: 0
   10: 1
   11: 2
   12: 1
   13: 0
   14: 0
   15: 0
   16: 12
  rqSzHist: # Run queue size histogram
   0: 22
   1: 0
   2: 0
   3: 0
   4: 0
   5: 0
   6: 0
   7: 0
   8: 0
   9: 0
   10: 0
   11: 0
   12: 0
   13: 0
   14: 0
   15: 0
   16: 0
 procCycles: # Per-process unhalted core cycles
  0: 1937743
  1: 0
  2: 0
  3: 0
  4: 0
  5: 0
  6: 0
  7: 0
  8: 0
  9: 0
  10: 0
  11: 0
  12: 0
  13: 0
  14: 0
  15: 0
  16: 0
  17: 0
  18: 0
  19: 0
  20: 0
  21: 0
  22: 0
  23: 0
  24: 0
  25: 0
  26: 0
  27: 0
  28: 0
  29: 0
  30: 0
  31: 0
  32: 0
  33: 0
  34: 0
  35: 0
  36: 0
  37: 0
  38: 0
  39: 0
  40: 0
  41: 0
  42: 0
  43: 0
  44: 0
  45: 0
  46: 0
  47: 0
  48: 0
  49: 0
  50: 0
  51: 0
  52: 0
  53: 0
  54: 0
  55: 0
  56: 0
  57: 0
  58: 0
  59: 0
  60: 0
  61: 0
  62: 0
  63: 0
 procInstrs: # Per-process instructions
  0: 2083675
  1: 0
  2: 0
  3: 0
  4: 0
  5: 0
  6: 0
  7: 0
  8: 0
  9: 0
  10: 0
  11: 0
  12: 0
  13: 0
  14: 0
  15: 0
  16: 0
  17: 0
  18: 0
  19: 0
  20: 0
  21: 0
  22: 0
  23: 0
  24: 0
  25: 0
  26: 0
  27: 0
  28: 0
  29: 0
  30: 0
  31: 0
  32: 0
  33: 0
  34: 0
  35: 0
  36: 0
  37: 0
  38: 0
  39: 0
  40: 0
  41: 0
  42: 0
  43: 0
  44: 0
  45: 0
  46: 0
  47: 0
  48: 0
  49: 0
  50: 0
  51: 0
  52: 0
  53: 0
  54: 0
  55: 0
  56: 0
  57: 0
  58: 0
  59: 0
  60: 0
  61: 0
  62: 0
  63: 0
 heartbeats: # Per-process heartbeats
  0: 0
  1: 0
  2: 0
  3: 0
  4: 0
  5: 0
  6: 0
  7: 0
  8: 0
  9: 0
  10: 0
  11: 0
  12: 0
  13: 0
  14: 0
  15: 0
  16: 0
  17: 0
  18: 0
  19: 0
  20: 0
  21: 0
  22: 0
  23: 0
  24: 0
  25: 0
  26: 0
  27: 0
  28: 0
  29: 0
  30: 0
  31: 0
  32: 0
  33: 0
  34: 0
  35: 0
  36: 0
  37: 0
  38: 0
  39: 0
  40: 0
  41: 0
  42: 0
  43: 0
  44: 0
  45: 0
  46: 0
  47: 0
  48: 0
  49: 0
  50: 0
  51: 0
  52: 0
  53: 0
  54: 0
  55: 0
  56: 0
  57: 0
  58: 0
  59: 0
  60: 0
  61: 0
  62: 0
  63: 0
===
